 Total Nb of available Diagnostics: ndiagt=   531
------------------------------------------------------------------------------------
  Num  |<-Name->|Levs|  mate |<- code ->|<--  Units   -->|<- Tile (max=80c)         
------------------------------------------------------------------------------------
     1 |SDIAG1  |  1 |       |SM      L1|user-defined    |User-Defined   Surface   Diagnostic  #1
     2 |SDIAG2  |  1 |       |SM      L1|user-defined    |User-Defined   Surface   Diagnostic  #2
     3 |SDIAG3  |  1 |       |SM      L1|user-defined    |User-Defined   Surface   Diagnostic  #3
     4 |SDIAG4  |  1 |       |SM      L1|user-defined    |User-Defined   Surface   Diagnostic  #4
     5 |SDIAG5  |  1 |       |SM      L1|user-defined    |User-Defined   Surface   Diagnostic  #5
     6 |SDIAG6  |  1 |       |SM      L1|user-defined    |User-Defined   Surface   Diagnostic  #6
     7 |SDIAG7  |  1 |       |SU      L1|user-defined    |User-Defined U.pt Surface Diagnostic #7
     8 |SDIAG8  |  1 |       |SV      L1|user-defined    |User-Defined V.pt Surface Diagnostic #8
     9 |SDIAG9  |  1 |    10 |UU      L1|user-defined    |User-Defined U.vector Surface Diag.  #9
    10 |SDIAG10 |  1 |     9 |VV      L1|user-defined    |User-Defined V.vector Surface Diag. #10
    11 |UDIAG1  | 80 |       |SM      MR|user-defined    |User-Defined Model-Level Diagnostic  #1
    12 |UDIAG2  | 80 |       |SM      MR|user-defined    |User-Defined Model-Level Diagnostic  #2
    13 |UDIAG3  | 80 |       |SMR     MR|user-defined    |User-Defined Model-Level Diagnostic  #3
    14 |UDIAG4  | 80 |       |SMR     MR|user-defined    |User-Defined Model-Level Diagnostic  #4
    15 |UDIAG5  | 80 |       |SU      MR|user-defined    |User-Defined U.pt Model-Level Diag.  #5
    16 |UDIAG6  | 80 |       |SV      MR|user-defined    |User-Defined V.pt Model-Level Diag.  #6
    17 |UDIAG7  | 80 |    18 |UUR     MR|user-defined    |User-Defined U.vector Model-Lev Diag.#7
    18 |UDIAG8  | 80 |    17 |VVR     MR|user-defined    |User-Defined V.vector Model-Lev Diag.#8
    19 |UDIAG9  | 80 |       |SM      ML|user-defined    |User-Defined Phys-Level  Diagnostic  #9
    20 |UDIAG10 | 80 |       |SM      ML|user-defined    |User-Defined Phys-Level  Diagnostic #10
    21 |SDIAGC  |  1 |    22 |SM  C   L1|user-defined    |User-Defined Counted Surface Diagnostic
    22 |SDIAGCC |  1 |       |SM      L1|count           |User-Defined Surface Diagnostic Counter
    23 |ETAN    |  1 |       |SM      M1|m               |Surface Height Anomaly
    24 |ETANSQ  |  1 |       |SM P    M1|m^2             |Square of Surface Height Anomaly
    25 |DETADT2 |  1 |       |SM      M1|m^2/s^2         |Square of Surface Height Anomaly Tendency
    26 |THETA   | 80 |       |SMR     MR|degC            |Potential Temperature
    27 |SALT    | 80 |       |SMR     MR|psu             |Salinity
    28 |RELHUM  | 80 |       |SMR     MR|percent         |Relative Humidity
    29 |SALTanom| 80 |       |SMR     MR|psu             |Salt anomaly (=SALT-35; g/kg)
    30 |UVEL    | 80 |    31 |UUR     MR|m/s             |Zonal Component of Velocity (m/s)
    31 |VVEL    | 80 |    30 |VVR     MR|m/s             |Meridional Component of Velocity (m/s)
    32 |WVEL    | 80 |       |WM      LR|m/s             |Vertical Component of Velocity (r_units/s)
    33 |THETASQ | 80 |       |SMRP    MR|degC^2          |Square of Potential Temperature
    34 |SALTSQ  | 80 |       |SMRP    MR|(psu)^2         |Square of Salinity
    35 |SALTSQan| 80 |       |SMRP    MR|(psu)^2         |Square of Salt anomaly (=(SALT-35)^2 (g^2/kg^2)
    36 |UVELSQ  | 80 |    37 |UURP    MR|m^2/s^2         |Square of Zonal Comp of Velocity (m^2/s^2)
    37 |VVELSQ  | 80 |    36 |VVRP    MR|m^2/s^2         |Square of Meridional Comp of Velocity (m^2/s^2)
    38 |WVELSQ  | 80 |       |WM P    LR|m^2/s^2         |Square of Vertical Comp of Velocity
    39 |UE_VEL_C| 80 |    40 |UMR     MR|m/s             |Eastward Velocity (m/s) (cell center)
    40 |VN_VEL_C| 80 |    39 |VMR     MR|m/s             |Northward Velocity (m/s) (cell center)
    41 |UV_VEL_C| 80 |    41 |UMR     MR|m^2/s^2         |Product of horizontal Comp of velocity (cell center)
    42 |UV_VEL_Z| 80 |    42 |UZR     MR|m^2/s^2         |Meridional Transport of Zonal Momentum (m^2/s^2)
    43 |WU_VEL  | 80 |       |WU      LR|m.m/s^2         |Vertical Transport of Zonal Momentum
    44 |WV_VEL  | 80 |       |WV      LR|m.m/s^2         |Vertical Transport of Meridional Momentum
    45 |UVELMASS| 80 |    46 |UUr     MR|m/s             |Zonal Mass-Weighted Comp of Velocity (m/s)
    46 |VVELMASS| 80 |    45 |VVr     MR|m/s             |Meridional Mass-Weighted Comp of Velocity (m/s)
    47 |WVELMASS| 80 |       |WM      LR|m/s             |Vertical Mass-Weighted Comp of Velocity
    48 |PhiVEL  | 80 |    45 |SMR P   MR|m^2/s           |Horizontal Velocity Potential (m^2/s)
    49 |PsiVEL  | 80 |    48 |SZ  P   MR|m.m^2/s         |Horizontal Velocity Stream-Function
    50 |UTHMASS | 80 |    51 |UUr     MR|degC.m/s        |Zonal Mass-Weight Transp of Pot Temp
    51 |VTHMASS | 80 |    50 |VVr     MR|degC.m/s        |Meridional Mass-Weight Transp of Pot Temp
    52 |WTHMASS | 80 |       |WM      LR|degC.m/s        |Vertical Mass-Weight Transp of Pot Temp (K.m/s)
    53 |USLTMASS| 80 |    54 |UUr     MR|psu.m/s         |Zonal Mass-Weight Transp of Salinity
    54 |VSLTMASS| 80 |    53 |VVr     MR|psu.m/s         |Meridional Mass-Weight Transp of Salinity
    55 |WSLTMASS| 80 |       |WM      LR|psu.m/s         |Vertical Mass-Weight Transp of Salinity
    56 |UVELTH  | 80 |    57 |UUR     MR|degC.m/s        |Zonal Transport of Pot Temp
    57 |VVELTH  | 80 |    56 |VVR     MR|degC.m/s        |Meridional Transport of Pot Temp
    58 |WVELTH  | 80 |       |WM      LR|degC.m/s        |Vertical Transport of Pot Temp
    59 |UVELSLT | 80 |    60 |UUR     MR|psu.m/s         |Zonal Transport of Salinity
    60 |VVELSLT | 80 |    59 |VVR     MR|psu.m/s         |Meridional Transport of Salinity
    61 |WVELSLT | 80 |       |WM      LR|psu.m/s         |Vertical Transport of Salinity
    62 |UVELPHI | 80 |    63 |UUr     MR|m^3/s^3         |Zonal Mass-Weight Transp of Pressure Pot.(p/rho) Anomaly
    63 |VVELPHI | 80 |    62 |VVr     MR|m^3/s^3         |Merid. Mass-Weight Transp of Pressure Pot.(p/rho) Anomaly
    64 |RHOAnoma| 80 |       |SMR     MR|kg/m^3          |Density Anomaly (=Rho-rhoConst)
    65 |RHOANOSQ| 80 |       |SMRP    MR|kg^2/m^6        |Square of Density Anomaly (=(Rho-rhoConst)^2)
    66 |URHOMASS| 80 |    67 |UUr     MR|kg/m^2/s        |Zonal Transport of Density
    67 |VRHOMASS| 80 |    66 |VVr     MR|kg/m^2/s        |Meridional Transport of Density
    68 |WRHOMASS| 80 |       |WM      LR|kg/m^2/s        |Vertical Transport of Density
    69 |WdRHO_P | 80 |       |WM      LR|kg/m^2/s        |Vertical velocity times delta^k(Rho)_at-const-P
    70 |WdRHOdP | 80 |       |WM      LR|kg/m^2/s        |Vertical velocity times delta^k(Rho)_at-const-T,S
    71 |PHIHYD  | 80 |       |SMR     MR|m^2/s^2         |Hydrostatic Pressure Pot.(p/rho) Anomaly
    72 |PHIHYDSQ| 80 |       |SMRP    MR|m^4/s^4         |Square of Hyd. Pressure Pot.(p/rho) Anomaly
    73 |PHIBOT  |  1 |       |SM      M1|m^2/s^2         |Bottom Pressure Pot.(p/rho) Anomaly
    74 |PHIBOTSQ|  1 |       |SM P    M1|m^4/s^4         |Square of Bottom Pressure Pot.(p/rho) Anomaly
    75 |PHI_SURF|  1 |       |SM      M1|m^2/s^2         |Surface Dynamical Pressure Pot.(p/rho)
    76 |MXLDEPTH|  1 |       |SM      M1|m               |Mixed-Layer Depth (>0)
    77 |DRHODR  | 80 |       |SM      LR|kg/m^4          |Stratification: d.Sigma/dr (kg/m3/r_unit)
    78 |CONVADJ | 80 |       |SMR     LR|fraction        |Convective Adjustment Index [0-1]
    79 |oceTAUX |  1 |    80 |UU      U1|N/m^2           |zonal surface wind stress, >0 increases uVel
    80 |oceTAUY |  1 |    79 |VV      U1|N/m^2           |meridional surf. wind stress, >0 increases vVel
    81 |atmPload|  1 |       |SM      U1|Pa              |Atmospheric pressure loading anomaly (vs surf_pRef)
    82 |sIceLoad|  1 |       |SM      U1|kg/m^2          |sea-ice loading (in Mass of ice+snow / area unit)
    83 |oceFWflx|  1 |       |SM      U1|kg/m^2/s        |net surface Fresh-Water flux into the ocean (+=down), >0 decreases salinity
    84 |oceSflux|  1 |       |SM      U1|g/m^2/s         |net surface Salt flux into the ocean (+=down), >0 increases salinity
    85 |oceQnet |  1 |       |SM      U1|W/m^2           |net surface heat flux into the ocean (+=down), >0 increases theta
    86 |oceQsw  |  1 |       |SM      U1|W/m^2           |net Short-Wave radiation (+=down), >0 increases theta
    87 |oceFreez|  1 |       |SM      U1|W/m^2           |heating from freezing of sea-water (allowFreezing=T)
    88 |TRELAX  |  1 |       |SM      U1|W/m^2           |surface temperature relaxation, >0 increases theta
    89 |SRELAX  |  1 |       |SM      U1|g/m^2/s         |surface salinity relaxation, >0 increases salt
    90 |surForcT|  1 |       |SM      U1|W/m^2           |model surface forcing for Temperature, >0 increases theta
    91 |surForcS|  1 |       |SM      U1|g/m^2/s         |model surface forcing for Salinity, >0 increases salinity
    92 |TFLUX   |  1 |       |SM      U1|W/m^2           |total heat flux (match heat-content variations), >0 increases theta
    93 |SFLUX   |  1 |       |SM      U1|g/m^2/s         |total salt flux (match salt-content variations), >0 increases salt
    94 |RCENTER | 80 |       |SM      MR|m               |Cell-Center Height
    95 |RSURF   |  1 |       |SM      M1|m               |Surface Height
    96 |TOTUTEND| 80 |    97 |UUR     MR|m/s/day         |Tendency of Zonal Component of Velocity
    97 |TOTVTEND| 80 |    96 |VVR     MR|m/s/day         |Tendency of Meridional Component of Velocity
    98 |TOTTTEND| 80 |       |SMR     MR|degC/day        |Tendency of Potential Temperature
    99 |TOTSTEND| 80 |       |SMR     MR|psu/day         |Tendency of Salinity
------------------------------------------------------------------------------------
  Num  |<-Name->|Levs|  mate |<- code ->|<--  Units   -->|<- Tile (max=80c)         
------------------------------------------------------------------------------------
   100 |MoistCor| 80 |       |SM      MR|W/m^2           |Heating correction due to moist thermodynamics
   101 |gT_Forc | 80 |       |SMR     MR|degC/s          |Potential Temp. forcing tendency
   102 |gS_Forc | 80 |       |SMR     MR|psu/s           |Salinity forcing tendency
   103 |AB_gT   | 80 |       |SMR     MR|degC/s          |Potential Temp. tendency from Adams-Bashforth
   104 |AB_gS   | 80 |       |SMR     MR|psu/s           |Salinity tendency from Adams-Bashforth
   105 |gTinAB  | 80 |       |SMR     MR|degC/s          |Potential Temp. tendency going in Adams-Bashforth
   106 |gSinAB  | 80 |       |SMR     MR|psu/s           |Salinity tendency going in Adams-Bashforth
   107 |AB_gU   | 80 |   108 |UUR     MR|m/s^2           |U momentum tendency from Adams-Bashforth
   108 |AB_gV   | 80 |   107 |VVR     MR|m/s^2           |V momentum tendency from Adams-Bashforth
   109 |ADVr_TH | 80 |       |WM      LR|degC.m^3/s      |Vertical   Advective Flux of Pot.Temperature
   110 |ADVx_TH | 80 |   111 |UU      MR|degC.m^3/s      |Zonal      Advective Flux of Pot.Temperature
   111 |ADVy_TH | 80 |   110 |VV      MR|degC.m^3/s      |Meridional Advective Flux of Pot.Temperature
   112 |DFrE_TH | 80 |       |WM      LR|degC.m^3/s      |Vertical Diffusive Flux of Pot.Temperature (Explicit part)
   113 |DFxE_TH | 80 |   114 |UU      MR|degC.m^3/s      |Zonal      Diffusive Flux of Pot.Temperature
   114 |DFyE_TH | 80 |   113 |VV      MR|degC.m^3/s      |Meridional Diffusive Flux of Pot.Temperature
   115 |DFrI_TH | 80 |       |WM      LR|degC.m^3/s      |Vertical Diffusive Flux of Pot.Temperature (Implicit part)
   116 |ADVr_SLT| 80 |       |WM      LR|psu.m^3/s       |Vertical   Advective Flux of Salinity
   117 |ADVx_SLT| 80 |   118 |UU      MR|psu.m^3/s       |Zonal      Advective Flux of Salinity
   118 |ADVy_SLT| 80 |   117 |VV      MR|psu.m^3/s       |Meridional Advective Flux of Salinity
   119 |DFrE_SLT| 80 |       |WM      LR|psu.m^3/s       |Vertical Diffusive Flux of Salinity    (Explicit part)
   120 |DFxE_SLT| 80 |   121 |UU      MR|psu.m^3/s       |Zonal      Diffusive Flux of Salinity
   121 |DFyE_SLT| 80 |   120 |VV      MR|psu.m^3/s       |Meridional Diffusive Flux of Salinity
   122 |DFrI_SLT| 80 |       |WM      LR|psu.m^3/s       |Vertical Diffusive Flux of Salinity    (Implicit part)
   123 |SALTFILL| 80 |       |SM      MR|psu.m^3/s       |Filling of Negative Values of Salinity
   124 |EXFhs   |  1 |       |SM      U1|W/m^2           |Sensible heat flux into ocean, >0 increases theta
   125 |EXFhl   |  1 |       |SM      U1|W/m^2           |Latent heat flux into ocean, >0 increases theta
   126 |EXFlwnet|  1 |       |SM      U1|W/m^2           |Net upward longwave radiation, >0 decreases theta
   127 |EXFswnet|  1 |       |SM      U1|W/m^2           |Net upward shortwave radiation, >0 decreases theta
   128 |EXFlwdn |  1 |       |SM      U1|W/m^2           |Downward longwave radiation, >0 increases theta
   129 |EXFswdn |  1 |       |SM      U1|W/m^2           |Downward shortwave radiation, >0 increases theta
   130 |EXFqnet |  1 |       |SM      U1|W/m^2           |Net upward heat flux (turb+rad), >0 decreases theta
   131 |EXFtaux |  1 |       |UM      U1|N/m^2           |zonal surface wind stress, >0 increases uVel
   132 |EXFtauy |  1 |       |VM      U1|N/m^2           |meridional surface wind stress, >0 increases vVel
   133 |EXFuwind|  1 |       |UM      U1|m/s             |zonal 10-m wind speed, >0 eastward
   134 |EXFvwind|  1 |       |VM      U1|m/s             |meridional 10-m wind speed, >0 northward
   135 |EXFwspee|  1 |       |SM      U1|m/s             |10-m wind speed modulus ( >= 0 )
   136 |EXFatemp|  1 |       |SM      U1|degK            |surface (2-m) air temperature
   137 |EXFaqh  |  1 |       |SM      U1|kg/kg           |surface (2-m) specific humidity
   138 |EXFevap |  1 |       |SM      U1|m/s             |evaporation, > 0 increases salinity
   139 |EXFpreci|  1 |       |SM      U1|m/s             |precipitation, > 0 decreases salinity
   140 |EXFsnow |  1 |       |SM      U1|m/s             |snow precipitation, > 0 decreases salinity
   141 |EXFempmr|  1 |       |SM      U1|m/s             |net upward freshwater flux, > 0 increases salinity
   142 |EXFpress|  1 |       |SM      U1|N/m^2           |atmospheric pressure field
   143 |EXFroff |  1 |       |SM      U1|m/s             |river runoff, > 0 decreases salinity
   144 |EXFroft |  1 |       |SM      U1|deg C           |river runoff temperature
   145 |EXFsalfx|  1 |       |SM      U1|psu.kg/m^2/s    |upward salt flux, > 0 decreases salinity
   146 |KPPviscA| 80 |       |SM P    LR|m^2/s           |KPP vertical eddy viscosity coefficient
   147 |KPPdiffS| 80 |       |SM P    LR|m^2/s           |Vertical diffusion coefficient for salt & tracers
   148 |KPPdiffT| 80 |       |SM P    LR|m^2/s           |Vertical diffusion coefficient for heat
   149 |KPPghatK| 80 |       |SM P    LR|0-1             |ratio of KPP non-local (salt) flux relative to surface-flux
   150 |KPPhbl  |  1 |       |SM P     1|m               |KPP boundary layer depth, bulk Ri criterion
   151 |KPPfrac |  1 |       |SM P     1|                |Short-wave flux fraction penetrating mixing layer
   152 |KPPdbsfc| 80 |       |SM P    UR|m/s^2           |Buoyancy difference with respect to surface
   153 |KPPbfsfc| 80 |       |SM P    UR|m^2/s^3         |Bo+radiation absorbed to d=hbf*hbl + plume
   154 |KPPRi   | 80 |       |SM P    UR|non-dimensional |Bulk Richardson number
   155 |KPPbo   |  1 |       |SM P     1|m^2/s^3         |Surface turbulent buoyancy forcing
   156 |KPPbosol|  1 |       |SM P     1|m^2/s^3         |surface radiative buoyancy forcing
   157 |KPPdbloc| 80 |       |SM P    UR|m/s^2           |Local delta buoyancy across interfaces
   158 |KPPnuddt| 80 |       |SM P    UR|m^2/s           |Vertical double diffusion coefficient for heat
   159 |KPPnudds| 80 |       |SM P    UR|m^2/s           |Vertical double diffusion coefficient for salt
   160 |KPPg_TH | 80 |       |WM      LR|degC.m^3/s      |KPP non-local Flux of Pot.Temperature
   161 |KPPg_SLT| 80 |       |WM      LR|psu.m^3/s       |KPP non-local Flux of Salinity
   162 |GM_VisbK|  1 |       |SM P    M1|m^2/s           |Mixing coefficient from Visbeck etal parameterization
   163 |GM_hTrsL|  1 |       |SM P    M1|m               |Base depth (>0) of the Transition Layer
   164 |GM_baseS|  1 |       |SM P    M1|1               |Slope at the base of the Transition Layer
   165 |GM_rLamb|  1 |       |SM P    M1|1/m             |Slope vertical gradient at Trans. Layer Base (=recip.Lambda)
   166 |SubMesLf|  1 |       |SM P    M1|m               |Sub-Meso horiz. Length Scale (Lf)
   167 |SubMpsiX|  1 |   168 |UU      M1|m^2/s           |Sub-Meso transp.stream-funct. magnitude (Psi0): U component
   168 |SubMpsiY|  1 |   167 |VV      M1|m^2/s           |Sub-Meso transp.stream-funct. magnitude (Psi0): V component
   169 |GM_Kux  | 80 |   170 |UU P    MR|m^2/s           |K_11 element (U.point, X.dir) of GM-Redi tensor
   170 |GM_Kvy  | 80 |   169 |VV P    MR|m^2/s           |K_22 element (V.point, Y.dir) of GM-Redi tensor
   171 |GM_Kuz  | 80 |   172 |UU      MR|m^2/s           |K_13 element (U.point, Z.dir) of GM-Redi tensor
   172 |GM_Kvz  | 80 |   171 |VV      MR|m^2/s           |K_23 element (V.point, Z.dir) of GM-Redi tensor
   173 |GM_Kwx  | 80 |   174 |UM      LR|m^2/s           |K_31 element (W.point, X.dir) of GM-Redi tensor
   174 |GM_Kwy  | 80 |   173 |VM      LR|m^2/s           |K_32 element (W.point, Y.dir) of GM-Redi tensor
   175 |GM_Kwz  | 80 |       |WM P    LR|m^2/s           |K_33 element (W.point, Z.dir) of GM-Redi tensor
   176 |GM_PsiX | 80 |   177 |UU      LR|m^2/s           |GM Bolus transport stream-function : U component
   177 |GM_PsiY | 80 |   176 |VV      LR|m^2/s           |GM Bolus transport stream-function : V component
   178 |GM_KuzTz| 80 |   179 |UU      MR|degC.m^3/s      |Redi Off-diagonal Temperature flux: X component
   179 |GM_KvzTz| 80 |   178 |VV      MR|degC.m^3/s      |Redi Off-diagonal Temperature flux: Y component
   180 |GM_KwzTz| 80 |       |WM      LR|degC.m^3/s      |Redi main-diagonal vertical Temperature flux
   181 |GM_ubT  | 80 |   182 |UUr     MR|degC.m^3/s      |Zonal Mass-Weight Bolus Transp of Pot Temp
   182 |GM_vbT  | 80 |   181 |VVr     MR|degC.m^3/s      |Meridional Mass-Weight Bolus Transp of Pot Temp
   183 |TRAC01  | 80 |       |SMR     MR|mmol N/         |NO3 concentration
   184 |UTRAC01 | 80 |   185 |UUr     MR|mmolN/.m/s      |Zonal Mass-Weighted Transp of NO3
   185 |VTRAC01 | 80 |   184 |VVr     MR|mmolN/.m/s      |Merid Mass-Weighted Transp of NO3
   186 |WTRAC01 | 80 |       |WM      MR|mmolN/.m/s      |Vert  Mass-Weighted Transp of NO3
   187 |ForcTr01| 80 |       |SMR     MR|mmolN//s        |NO3 forcing tendency
   188 |AB_gTr01| 80 |       |SMR     MR|mmolN//s        |NO3 tendency from Adams-Bashforth
   189 |Tp_gTr01| 80 |       |SMR     MR|mmolN//s        |NO3 total transport tendency (before gchem_forcing_sep)
   190 |ADVrTr01| 80 |       |WM      LR|mmolN/.m^3/s    |Vertical   Advective Flux of NO3
   191 |ADVxTr01| 80 |   192 |UU      MR|mmolN/.m^3/s    |Zonal      Advective Flux of NO3
   192 |ADVyTr01| 80 |   191 |VV      MR|mmolN/.m^3/s    |Meridional Advective Flux of NO3
   193 |DFrETr01| 80 |       |WM      LR|mmolN/.m^3/s    |Vertical Diffusive Flux of NO3 (Explicit part)
   194 |DFxETr01| 80 |   195 |UU      MR|mmolN/.m^3/s    |Zonal      Diffusive Flux of NO3
   195 |DFyETr01| 80 |   194 |VV      MR|mmolN/.m^3/s    |Meridional Diffusive Flux of NO3
   196 |DFrITr01| 80 |       |WM      LR|mmolN/.m^3/s    |Vertical Diffusive Flux of NO3 (Implicit part)
   197 |KPPgTr01| 80 |       |WM      LR|mmolN/.m^3/s    |KPP non-local Flux of NO3
   198 |TRAC02  | 80 |       |SMR     MR|mmol N/         |NO2 concentration
   199 |UTRAC02 | 80 |   200 |UUr     MR|mmolN/.m/s      |Zonal Mass-Weighted Transp of NO2
------------------------------------------------------------------------------------
  Num  |<-Name->|Levs|  mate |<- code ->|<--  Units   -->|<- Tile (max=80c)         
------------------------------------------------------------------------------------
   200 |VTRAC02 | 80 |   199 |VVr     MR|mmolN/.m/s      |Merid Mass-Weighted Transp of NO2
   201 |WTRAC02 | 80 |       |WM      MR|mmolN/.m/s      |Vert  Mass-Weighted Transp of NO2
   202 |ForcTr02| 80 |       |SMR     MR|mmolN//s        |NO2 forcing tendency
   203 |AB_gTr02| 80 |       |SMR     MR|mmolN//s        |NO2 tendency from Adams-Bashforth
   204 |Tp_gTr02| 80 |       |SMR     MR|mmolN//s        |NO2 total transport tendency (before gchem_forcing_sep)
   205 |ADVrTr02| 80 |       |WM      LR|mmolN/.m^3/s    |Vertical   Advective Flux of NO2
   206 |ADVxTr02| 80 |   207 |UU      MR|mmolN/.m^3/s    |Zonal      Advective Flux of NO2
   207 |ADVyTr02| 80 |   206 |VV      MR|mmolN/.m^3/s    |Meridional Advective Flux of NO2
   208 |DFrETr02| 80 |       |WM      LR|mmolN/.m^3/s    |Vertical Diffusive Flux of NO2 (Explicit part)
   209 |DFxETr02| 80 |   210 |UU      MR|mmolN/.m^3/s    |Zonal      Diffusive Flux of NO2
   210 |DFyETr02| 80 |   209 |VV      MR|mmolN/.m^3/s    |Meridional Diffusive Flux of NO2
   211 |DFrITr02| 80 |       |WM      LR|mmolN/.m^3/s    |Vertical Diffusive Flux of NO2 (Implicit part)
   212 |KPPgTr02| 80 |       |WM      LR|mmolN/.m^3/s    |KPP non-local Flux of NO2
   213 |TRAC03  | 80 |       |SMR     MR|mmol N/         |NH4 concentration
   214 |UTRAC03 | 80 |   215 |UUr     MR|mmolN/.m/s      |Zonal Mass-Weighted Transp of NH4
   215 |VTRAC03 | 80 |   214 |VVr     MR|mmolN/.m/s      |Merid Mass-Weighted Transp of NH4
   216 |WTRAC03 | 80 |       |WM      MR|mmolN/.m/s      |Vert  Mass-Weighted Transp of NH4
   217 |ForcTr03| 80 |       |SMR     MR|mmolN//s        |NH4 forcing tendency
   218 |AB_gTr03| 80 |       |SMR     MR|mmolN//s        |NH4 tendency from Adams-Bashforth
   219 |Tp_gTr03| 80 |       |SMR     MR|mmolN//s        |NH4 total transport tendency (before gchem_forcing_sep)
   220 |ADVrTr03| 80 |       |WM      LR|mmolN/.m^3/s    |Vertical   Advective Flux of NH4
   221 |ADVxTr03| 80 |   222 |UU      MR|mmolN/.m^3/s    |Zonal      Advective Flux of NH4
   222 |ADVyTr03| 80 |   221 |VV      MR|mmolN/.m^3/s    |Meridional Advective Flux of NH4
   223 |DFrETr03| 80 |       |WM      LR|mmolN/.m^3/s    |Vertical Diffusive Flux of NH4 (Explicit part)
   224 |DFxETr03| 80 |   225 |UU      MR|mmolN/.m^3/s    |Zonal      Diffusive Flux of NH4
   225 |DFyETr03| 80 |   224 |VV      MR|mmolN/.m^3/s    |Meridional Diffusive Flux of NH4
   226 |DFrITr03| 80 |       |WM      LR|mmolN/.m^3/s    |Vertical Diffusive Flux of NH4 (Implicit part)
   227 |KPPgTr03| 80 |       |WM      LR|mmolN/.m^3/s    |KPP non-local Flux of NH4
   228 |TRAC04  | 80 |       |SMR     MR|mmol P/         |PO4 concentration
   229 |UTRAC04 | 80 |   230 |UUr     MR|mmolP/.m/s      |Zonal Mass-Weighted Transp of PO4
   230 |VTRAC04 | 80 |   229 |VVr     MR|mmolP/.m/s      |Merid Mass-Weighted Transp of PO4
   231 |WTRAC04 | 80 |       |WM      MR|mmolP/.m/s      |Vert  Mass-Weighted Transp of PO4
   232 |ForcTr04| 80 |       |SMR     MR|mmolP//s        |PO4 forcing tendency
   233 |AB_gTr04| 80 |       |SMR     MR|mmolP//s        |PO4 tendency from Adams-Bashforth
   234 |Tp_gTr04| 80 |       |SMR     MR|mmolP//s        |PO4 total transport tendency (before gchem_forcing_sep)
   235 |ADVrTr04| 80 |       |WM      LR|mmolP/.m^3/s    |Vertical   Advective Flux of PO4
   236 |ADVxTr04| 80 |   237 |UU      MR|mmolP/.m^3/s    |Zonal      Advective Flux of PO4
   237 |ADVyTr04| 80 |   236 |VV      MR|mmolP/.m^3/s    |Meridional Advective Flux of PO4
   238 |DFrETr04| 80 |       |WM      LR|mmolP/.m^3/s    |Vertical Diffusive Flux of PO4 (Explicit part)
   239 |DFxETr04| 80 |   240 |UU      MR|mmolP/.m^3/s    |Zonal      Diffusive Flux of PO4
   240 |DFyETr04| 80 |   239 |VV      MR|mmolP/.m^3/s    |Meridional Diffusive Flux of PO4
   241 |DFrITr04| 80 |       |WM      LR|mmolP/.m^3/s    |Vertical Diffusive Flux of PO4 (Implicit part)
   242 |KPPgTr04| 80 |       |WM      LR|mmolP/.m^3/s    |KPP non-local Flux of PO4
   243 |TRAC05  | 80 |       |SMR     MR|mmol Fe         |FeT concentration
   244 |UTRAC05 | 80 |   245 |UUr     MR|mmolFe.m/s      |Zonal Mass-Weighted Transp of FeT
   245 |VTRAC05 | 80 |   244 |VVr     MR|mmolFe.m/s      |Merid Mass-Weighted Transp of FeT
   246 |WTRAC05 | 80 |       |WM      MR|mmolFe.m/s      |Vert  Mass-Weighted Transp of FeT
   247 |ForcTr05| 80 |       |SMR     MR|mmolFe/s        |FeT forcing tendency
   248 |AB_gTr05| 80 |       |SMR     MR|mmolFe/s        |FeT tendency from Adams-Bashforth
   249 |Tp_gTr05| 80 |       |SMR     MR|mmolFe/s        |FeT total transport tendency (before gchem_forcing_sep)
   250 |ADVrTr05| 80 |       |WM      LR|mmolFe.m^3/s    |Vertical   Advective Flux of FeT
   251 |ADVxTr05| 80 |   252 |UU      MR|mmolFe.m^3/s    |Zonal      Advective Flux of FeT
   252 |ADVyTr05| 80 |   251 |VV      MR|mmolFe.m^3/s    |Meridional Advective Flux of FeT
   253 |DFrETr05| 80 |       |WM      LR|mmolFe.m^3/s    |Vertical Diffusive Flux of FeT (Explicit part)
   254 |DFxETr05| 80 |   255 |UU      MR|mmolFe.m^3/s    |Zonal      Diffusive Flux of FeT
   255 |DFyETr05| 80 |   254 |VV      MR|mmolFe.m^3/s    |Meridional Diffusive Flux of FeT
   256 |DFrITr05| 80 |       |WM      LR|mmolFe.m^3/s    |Vertical Diffusive Flux of FeT (Implicit part)
   257 |KPPgTr05| 80 |       |WM      LR|mmolFe.m^3/s    |KPP non-local Flux of FeT
   258 |TRAC06  | 80 |       |SMR     MR|mmol C/         |DOC concentration
   259 |UTRAC06 | 80 |   260 |UUr     MR|mmolC/.m/s      |Zonal Mass-Weighted Transp of DOC
   260 |VTRAC06 | 80 |   259 |VVr     MR|mmolC/.m/s      |Merid Mass-Weighted Transp of DOC
   261 |WTRAC06 | 80 |       |WM      MR|mmolC/.m/s      |Vert  Mass-Weighted Transp of DOC
   262 |ForcTr06| 80 |       |SMR     MR|mmolC//s        |DOC forcing tendency
   263 |AB_gTr06| 80 |       |SMR     MR|mmolC//s        |DOC tendency from Adams-Bashforth
   264 |Tp_gTr06| 80 |       |SMR     MR|mmolC//s        |DOC total transport tendency (before gchem_forcing_sep)
   265 |ADVrTr06| 80 |       |WM      LR|mmolC/.m^3/s    |Vertical   Advective Flux of DOC
   266 |ADVxTr06| 80 |   267 |UU      MR|mmolC/.m^3/s    |Zonal      Advective Flux of DOC
   267 |ADVyTr06| 80 |   266 |VV      MR|mmolC/.m^3/s    |Meridional Advective Flux of DOC
   268 |DFrETr06| 80 |       |WM      LR|mmolC/.m^3/s    |Vertical Diffusive Flux of DOC (Explicit part)
   269 |DFxETr06| 80 |   270 |UU      MR|mmolC/.m^3/s    |Zonal      Diffusive Flux of DOC
   270 |DFyETr06| 80 |   269 |VV      MR|mmolC/.m^3/s    |Meridional Diffusive Flux of DOC
   271 |DFrITr06| 80 |       |WM      LR|mmolC/.m^3/s    |Vertical Diffusive Flux of DOC (Implicit part)
   272 |KPPgTr06| 80 |       |WM      LR|mmolC/.m^3/s    |KPP non-local Flux of DOC
   273 |TRAC07  | 80 |       |SMR     MR|mmol C/         |POC concentration
   274 |UTRAC07 | 80 |   275 |UUr     MR|mmolC/.m/s      |Zonal Mass-Weighted Transp of POC
   275 |VTRAC07 | 80 |   274 |VVr     MR|mmolC/.m/s      |Merid Mass-Weighted Transp of POC
   276 |WTRAC07 | 80 |       |WM      MR|mmolC/.m/s      |Vert  Mass-Weighted Transp of POC
   277 |ForcTr07| 80 |       |SMR     MR|mmolC//s        |POC forcing tendency
   278 |AB_gTr07| 80 |       |SMR     MR|mmolC//s        |POC tendency from Adams-Bashforth
   279 |Tp_gTr07| 80 |       |SMR     MR|mmolC//s        |POC total transport tendency (before gchem_forcing_sep)
   280 |ADVrTr07| 80 |       |WM      LR|mmolC/.m^3/s    |Vertical   Advective Flux of POC
   281 |ADVxTr07| 80 |   282 |UU      MR|mmolC/.m^3/s    |Zonal      Advective Flux of POC
   282 |ADVyTr07| 80 |   281 |VV      MR|mmolC/.m^3/s    |Meridional Advective Flux of POC
   283 |DFrETr07| 80 |       |WM      LR|mmolC/.m^3/s    |Vertical Diffusive Flux of POC (Explicit part)
   284 |DFxETr07| 80 |   285 |UU      MR|mmolC/.m^3/s    |Zonal      Diffusive Flux of POC
   285 |DFyETr07| 80 |   284 |VV      MR|mmolC/.m^3/s    |Meridional Diffusive Flux of POC
   286 |DFrITr07| 80 |       |WM      LR|mmolC/.m^3/s    |Vertical Diffusive Flux of POC (Implicit part)
   287 |KPPgTr07| 80 |       |WM      LR|mmolC/.m^3/s    |KPP non-local Flux of POC
   288 |TRAC08  | 80 |       |SMR     MR|mmol C/         |c01 concentration
   289 |UTRAC08 | 80 |   290 |UUr     MR|mmolC/.m/s      |Zonal Mass-Weighted Transp of c01
   290 |VTRAC08 | 80 |   289 |VVr     MR|mmolC/.m/s      |Merid Mass-Weighted Transp of c01
   291 |WTRAC08 | 80 |       |WM      MR|mmolC/.m/s      |Vert  Mass-Weighted Transp of c01
   292 |ForcTr08| 80 |       |SMR     MR|mmolC//s        |c01 forcing tendency
   293 |AB_gTr08| 80 |       |SMR     MR|mmolC//s        |c01 tendency from Adams-Bashforth
   294 |Tp_gTr08| 80 |       |SMR     MR|mmolC//s        |c01 total transport tendency (before gchem_forcing_sep)
   295 |ADVrTr08| 80 |       |WM      LR|mmolC/.m^3/s    |Vertical   Advective Flux of c01
   296 |ADVxTr08| 80 |   297 |UU      MR|mmolC/.m^3/s    |Zonal      Advective Flux of c01
   297 |ADVyTr08| 80 |   296 |VV      MR|mmolC/.m^3/s    |Meridional Advective Flux of c01
   298 |DFrETr08| 80 |       |WM      LR|mmolC/.m^3/s    |Vertical Diffusive Flux of c01 (Explicit part)
   299 |DFxETr08| 80 |   300 |UU      MR|mmolC/.m^3/s    |Zonal      Diffusive Flux of c01
------------------------------------------------------------------------------------
  Num  |<-Name->|Levs|  mate |<- code ->|<--  Units   -->|<- Tile (max=80c)         
------------------------------------------------------------------------------------
   300 |DFyETr08| 80 |   299 |VV      MR|mmolC/.m^3/s    |Meridional Diffusive Flux of c01
   301 |DFrITr08| 80 |       |WM      LR|mmolC/.m^3/s    |Vertical Diffusive Flux of c01 (Implicit part)
   302 |KPPgTr08| 80 |       |WM      LR|mmolC/.m^3/s    |KPP non-local Flux of c01
   303 |TRAC09  | 80 |       |SMR     MR|log(ESD         |xm01 concentration
   304 |UTRAC09 | 80 |   305 |UUr     MR|log(ESD.m/s     |Zonal Mass-Weighted Transp of xm01
   305 |VTRAC09 | 80 |   304 |VVr     MR|log(ESD.m/s     |Merid Mass-Weighted Transp of xm01
   306 |WTRAC09 | 80 |       |WM      MR|log(ESD.m/s     |Vert  Mass-Weighted Transp of xm01
   307 |ForcTr09| 80 |       |SMR     MR|log(ESD/s       |xm01 forcing tendency
   308 |AB_gTr09| 80 |       |SMR     MR|log(ESD/s       |xm01 tendency from Adams-Bashforth
   309 |Tp_gTr09| 80 |       |SMR     MR|log(ESD/s       |xm01 total transport tendency (before gchem_forcing_sep)
   310 |ADVrTr09| 80 |       |WM      LR|log(ESD.m^3/s   |Vertical   Advective Flux of xm01
   311 |ADVxTr09| 80 |   312 |UU      MR|log(ESD.m^3/s   |Zonal      Advective Flux of xm01
   312 |ADVyTr09| 80 |   311 |VV      MR|log(ESD.m^3/s   |Meridional Advective Flux of xm01
   313 |DFrETr09| 80 |       |WM      LR|log(ESD.m^3/s   |Vertical Diffusive Flux of xm01 (Explicit part)
   314 |DFxETr09| 80 |   315 |UU      MR|log(ESD.m^3/s   |Zonal      Diffusive Flux of xm01
   315 |DFyETr09| 80 |   314 |VV      MR|log(ESD.m^3/s   |Meridional Diffusive Flux of xm01
   316 |DFrITr09| 80 |       |WM      LR|log(ESD.m^3/s   |Vertical Diffusive Flux of xm01 (Implicit part)
   317 |KPPgTr09| 80 |       |WM      LR|log(ESD.m^3/s   |KPP non-local Flux of xm01
   318 |TRAC10  | 80 |       |SMR     MR|degC mm         |ym01 concentration
   319 |UTRAC10 | 80 |   320 |UUr     MR|degCmm.m/s      |Zonal Mass-Weighted Transp of ym01
   320 |VTRAC10 | 80 |   319 |VVr     MR|degCmm.m/s      |Merid Mass-Weighted Transp of ym01
   321 |WTRAC10 | 80 |       |WM      MR|degCmm.m/s      |Vert  Mass-Weighted Transp of ym01
   322 |ForcTr10| 80 |       |SMR     MR|degCmm/s        |ym01 forcing tendency
   323 |AB_gTr10| 80 |       |SMR     MR|degCmm/s        |ym01 tendency from Adams-Bashforth
   324 |Tp_gTr10| 80 |       |SMR     MR|degCmm/s        |ym01 total transport tendency (before gchem_forcing_sep)
   325 |ADVrTr10| 80 |       |WM      LR|degCmm.m^3/s    |Vertical   Advective Flux of ym01
   326 |ADVxTr10| 80 |   327 |UU      MR|degCmm.m^3/s    |Zonal      Advective Flux of ym01
   327 |ADVyTr10| 80 |   326 |VV      MR|degCmm.m^3/s    |Meridional Advective Flux of ym01
   328 |DFrETr10| 80 |       |WM      LR|degCmm.m^3/s    |Vertical Diffusive Flux of ym01 (Explicit part)
   329 |DFxETr10| 80 |   330 |UU      MR|degCmm.m^3/s    |Zonal      Diffusive Flux of ym01
   330 |DFyETr10| 80 |   329 |VV      MR|degCmm.m^3/s    |Meridional Diffusive Flux of ym01
   331 |DFrITr10| 80 |       |WM      LR|degCmm.m^3/s    |Vertical Diffusive Flux of ym01 (Implicit part)
   332 |KPPgTr10| 80 |       |WM      LR|degCmm.m^3/s    |KPP non-local Flux of ym01
   333 |TRAC11  | 80 |       |SMR     MR|log(PAR         |zm01 concentration
   334 |UTRAC11 | 80 |   335 |UUr     MR|log(PAR.m/s     |Zonal Mass-Weighted Transp of zm01
   335 |VTRAC11 | 80 |   334 |VVr     MR|log(PAR.m/s     |Merid Mass-Weighted Transp of zm01
   336 |WTRAC11 | 80 |       |WM      MR|log(PAR.m/s     |Vert  Mass-Weighted Transp of zm01
   337 |ForcTr11| 80 |       |SMR     MR|log(PAR/s       |zm01 forcing tendency
   338 |AB_gTr11| 80 |       |SMR     MR|log(PAR/s       |zm01 tendency from Adams-Bashforth
   339 |Tp_gTr11| 80 |       |SMR     MR|log(PAR/s       |zm01 total transport tendency (before gchem_forcing_sep)
   340 |ADVrTr11| 80 |       |WM      LR|log(PAR.m^3/s   |Vertical   Advective Flux of zm01
   341 |ADVxTr11| 80 |   342 |UU      MR|log(PAR.m^3/s   |Zonal      Advective Flux of zm01
   342 |ADVyTr11| 80 |   341 |VV      MR|log(PAR.m^3/s   |Meridional Advective Flux of zm01
   343 |DFrETr11| 80 |       |WM      LR|log(PAR.m^3/s   |Vertical Diffusive Flux of zm01 (Explicit part)
   344 |DFxETr11| 80 |   345 |UU      MR|log(PAR.m^3/s   |Zonal      Diffusive Flux of zm01
   345 |DFyETr11| 80 |   344 |VV      MR|log(PAR.m^3/s   |Meridional Diffusive Flux of zm01
   346 |DFrITr11| 80 |       |WM      LR|log(PAR.m^3/s   |Vertical Diffusive Flux of zm01 (Implicit part)
   347 |KPPgTr11| 80 |       |WM      LR|log(PAR.m^3/s   |KPP non-local Flux of zm01
   348 |TRAC12  | 80 |       |SMR     MR|log(ESD         |xxv01 concentration
   349 |UTRAC12 | 80 |   350 |UUr     MR|log(ESD.m/s     |Zonal Mass-Weighted Transp of xxv01
   350 |VTRAC12 | 80 |   349 |VVr     MR|log(ESD.m/s     |Merid Mass-Weighted Transp of xxv01
   351 |WTRAC12 | 80 |       |WM      MR|log(ESD.m/s     |Vert  Mass-Weighted Transp of xxv01
   352 |ForcTr12| 80 |       |SMR     MR|log(ESD/s       |xxv01 forcing tendency
   353 |AB_gTr12| 80 |       |SMR     MR|log(ESD/s       |xxv01 tendency from Adams-Bashforth
   354 |Tp_gTr12| 80 |       |SMR     MR|log(ESD/s       |xxv01 total transport tendency (before gchem_forcing_sep)
   355 |ADVrTr12| 80 |       |WM      LR|log(ESD.m^3/s   |Vertical   Advective Flux of xxv01
   356 |ADVxTr12| 80 |   357 |UU      MR|log(ESD.m^3/s   |Zonal      Advective Flux of xxv01
   357 |ADVyTr12| 80 |   356 |VV      MR|log(ESD.m^3/s   |Meridional Advective Flux of xxv01
   358 |DFrETr12| 80 |       |WM      LR|log(ESD.m^3/s   |Vertical Diffusive Flux of xxv01 (Explicit part)
   359 |DFxETr12| 80 |   360 |UU      MR|log(ESD.m^3/s   |Zonal      Diffusive Flux of xxv01
   360 |DFyETr12| 80 |   359 |VV      MR|log(ESD.m^3/s   |Meridional Diffusive Flux of xxv01
   361 |DFrITr12| 80 |       |WM      LR|log(ESD.m^3/s   |Vertical Diffusive Flux of xxv01 (Implicit part)
   362 |KPPgTr12| 80 |       |WM      LR|log(ESD.m^3/s   |KPP non-local Flux of xxv01
   363 |TRAC13  | 80 |       |SMR     MR|(degC)^         |yyv01 concentration
   364 |UTRAC13 | 80 |   365 |UUr     MR|(degC)^.m/s     |Zonal Mass-Weighted Transp of yyv01
   365 |VTRAC13 | 80 |   364 |VVr     MR|(degC)^.m/s     |Merid Mass-Weighted Transp of yyv01
   366 |WTRAC13 | 80 |       |WM      MR|(degC)^.m/s     |Vert  Mass-Weighted Transp of yyv01
   367 |ForcTr13| 80 |       |SMR     MR|(degC)^/s       |yyv01 forcing tendency
   368 |AB_gTr13| 80 |       |SMR     MR|(degC)^/s       |yyv01 tendency from Adams-Bashforth
   369 |Tp_gTr13| 80 |       |SMR     MR|(degC)^/s       |yyv01 total transport tendency (before gchem_forcing_sep)
   370 |ADVrTr13| 80 |       |WM      LR|(degC)^.m^3/s   |Vertical   Advective Flux of yyv01
   371 |ADVxTr13| 80 |   372 |UU      MR|(degC)^.m^3/s   |Zonal      Advective Flux of yyv01
   372 |ADVyTr13| 80 |   371 |VV      MR|(degC)^.m^3/s   |Meridional Advective Flux of yyv01
   373 |DFrETr13| 80 |       |WM      LR|(degC)^.m^3/s   |Vertical Diffusive Flux of yyv01 (Explicit part)
   374 |DFxETr13| 80 |   375 |UU      MR|(degC)^.m^3/s   |Zonal      Diffusive Flux of yyv01
   375 |DFyETr13| 80 |   374 |VV      MR|(degC)^.m^3/s   |Meridional Diffusive Flux of yyv01
   376 |DFrITr13| 80 |       |WM      LR|(degC)^.m^3/s   |Vertical Diffusive Flux of yyv01 (Implicit part)
   377 |KPPgTr13| 80 |       |WM      LR|(degC)^.m^3/s   |KPP non-local Flux of yyv01
   378 |TRAC14  | 80 |       |SMR     MR|log(PAR         |zzv01 concentration
   379 |UTRAC14 | 80 |   380 |UUr     MR|log(PAR.m/s     |Zonal Mass-Weighted Transp of zzv01
   380 |VTRAC14 | 80 |   379 |VVr     MR|log(PAR.m/s     |Merid Mass-Weighted Transp of zzv01
   381 |WTRAC14 | 80 |       |WM      MR|log(PAR.m/s     |Vert  Mass-Weighted Transp of zzv01
   382 |ForcTr14| 80 |       |SMR     MR|log(PAR/s       |zzv01 forcing tendency
   383 |AB_gTr14| 80 |       |SMR     MR|log(PAR/s       |zzv01 tendency from Adams-Bashforth
   384 |Tp_gTr14| 80 |       |SMR     MR|log(PAR/s       |zzv01 total transport tendency (before gchem_forcing_sep)
   385 |ADVrTr14| 80 |       |WM      LR|log(PAR.m^3/s   |Vertical   Advective Flux of zzv01
   386 |ADVxTr14| 80 |   387 |UU      MR|log(PAR.m^3/s   |Zonal      Advective Flux of zzv01
   387 |ADVyTr14| 80 |   386 |VV      MR|log(PAR.m^3/s   |Meridional Advective Flux of zzv01
   388 |DFrETr14| 80 |       |WM      LR|log(PAR.m^3/s   |Vertical Diffusive Flux of zzv01 (Explicit part)
   389 |DFxETr14| 80 |   390 |UU      MR|log(PAR.m^3/s   |Zonal      Diffusive Flux of zzv01
   390 |DFyETr14| 80 |   389 |VV      MR|log(PAR.m^3/s   |Meridional Diffusive Flux of zzv01
   391 |DFrITr14| 80 |       |WM      LR|log(PAR.m^3/s   |Vertical Diffusive Flux of zzv01 (Implicit part)
   392 |KPPgTr14| 80 |       |WM      LR|log(PAR.m^3/s   |KPP non-local Flux of zzv01
   393 |TRAC15  | 80 |       |SMR     MR|log(ESD         |xyc01 concentration
   394 |UTRAC15 | 80 |   395 |UUr     MR|log(ESD.m/s     |Zonal Mass-Weighted Transp of xyc01
   395 |VTRAC15 | 80 |   394 |VVr     MR|log(ESD.m/s     |Merid Mass-Weighted Transp of xyc01
   396 |WTRAC15 | 80 |       |WM      MR|log(ESD.m/s     |Vert  Mass-Weighted Transp of xyc01
   397 |ForcTr15| 80 |       |SMR     MR|log(ESD/s       |xyc01 forcing tendency
   398 |AB_gTr15| 80 |       |SMR     MR|log(ESD/s       |xyc01 tendency from Adams-Bashforth
   399 |Tp_gTr15| 80 |       |SMR     MR|log(ESD/s       |xyc01 total transport tendency (before gchem_forcing_sep)
------------------------------------------------------------------------------------
  Num  |<-Name->|Levs|  mate |<- code ->|<--  Units   -->|<- Tile (max=80c)         
------------------------------------------------------------------------------------
   400 |ADVrTr15| 80 |       |WM      LR|log(ESD.m^3/s   |Vertical   Advective Flux of xyc01
   401 |ADVxTr15| 80 |   402 |UU      MR|log(ESD.m^3/s   |Zonal      Advective Flux of xyc01
   402 |ADVyTr15| 80 |   401 |VV      MR|log(ESD.m^3/s   |Meridional Advective Flux of xyc01
   403 |DFrETr15| 80 |       |WM      LR|log(ESD.m^3/s   |Vertical Diffusive Flux of xyc01 (Explicit part)
   404 |DFxETr15| 80 |   405 |UU      MR|log(ESD.m^3/s   |Zonal      Diffusive Flux of xyc01
   405 |DFyETr15| 80 |   404 |VV      MR|log(ESD.m^3/s   |Meridional Diffusive Flux of xyc01
   406 |DFrITr15| 80 |       |WM      LR|log(ESD.m^3/s   |Vertical Diffusive Flux of xyc01 (Implicit part)
   407 |KPPgTr15| 80 |       |WM      LR|log(ESD.m^3/s   |KPP non-local Flux of xyc01
   408 |TRAC16  | 80 |       |SMR     MR|log(ESD         |xzc01 concentration
   409 |UTRAC16 | 80 |   410 |UUr     MR|log(ESD.m/s     |Zonal Mass-Weighted Transp of xzc01
   410 |VTRAC16 | 80 |   409 |VVr     MR|log(ESD.m/s     |Merid Mass-Weighted Transp of xzc01
   411 |WTRAC16 | 80 |       |WM      MR|log(ESD.m/s     |Vert  Mass-Weighted Transp of xzc01
   412 |ForcTr16| 80 |       |SMR     MR|log(ESD/s       |xzc01 forcing tendency
   413 |AB_gTr16| 80 |       |SMR     MR|log(ESD/s       |xzc01 tendency from Adams-Bashforth
   414 |Tp_gTr16| 80 |       |SMR     MR|log(ESD/s       |xzc01 total transport tendency (before gchem_forcing_sep)
   415 |ADVrTr16| 80 |       |WM      LR|log(ESD.m^3/s   |Vertical   Advective Flux of xzc01
   416 |ADVxTr16| 80 |   417 |UU      MR|log(ESD.m^3/s   |Zonal      Advective Flux of xzc01
   417 |ADVyTr16| 80 |   416 |VV      MR|log(ESD.m^3/s   |Meridional Advective Flux of xzc01
   418 |DFrETr16| 80 |       |WM      LR|log(ESD.m^3/s   |Vertical Diffusive Flux of xzc01 (Explicit part)
   419 |DFxETr16| 80 |   420 |UU      MR|log(ESD.m^3/s   |Zonal      Diffusive Flux of xzc01
   420 |DFyETr16| 80 |   419 |VV      MR|log(ESD.m^3/s   |Meridional Diffusive Flux of xzc01
   421 |DFrITr16| 80 |       |WM      LR|log(ESD.m^3/s   |Vertical Diffusive Flux of xzc01 (Implicit part)
   422 |KPPgTr16| 80 |       |WM      LR|log(ESD.m^3/s   |KPP non-local Flux of xzc01
   423 |TRAC17  | 80 |       |SMR     MR|degC lo         |yzc01 concentration
   424 |UTRAC17 | 80 |   425 |UUr     MR|degClo.m/s      |Zonal Mass-Weighted Transp of yzc01
   425 |VTRAC17 | 80 |   424 |VVr     MR|degClo.m/s      |Merid Mass-Weighted Transp of yzc01
   426 |WTRAC17 | 80 |       |WM      MR|degClo.m/s      |Vert  Mass-Weighted Transp of yzc01
   427 |ForcTr17| 80 |       |SMR     MR|degClo/s        |yzc01 forcing tendency
   428 |AB_gTr17| 80 |       |SMR     MR|degClo/s        |yzc01 tendency from Adams-Bashforth
   429 |Tp_gTr17| 80 |       |SMR     MR|degClo/s        |yzc01 total transport tendency (before gchem_forcing_sep)
   430 |ADVrTr17| 80 |       |WM      LR|degClo.m^3/s    |Vertical   Advective Flux of yzc01
   431 |ADVxTr17| 80 |   432 |UU      MR|degClo.m^3/s    |Zonal      Advective Flux of yzc01
   432 |ADVyTr17| 80 |   431 |VV      MR|degClo.m^3/s    |Meridional Advective Flux of yzc01
   433 |DFrETr17| 80 |       |WM      LR|degClo.m^3/s    |Vertical Diffusive Flux of yzc01 (Explicit part)
   434 |DFxETr17| 80 |   435 |UU      MR|degClo.m^3/s    |Zonal      Diffusive Flux of yzc01
   435 |DFyETr17| 80 |   434 |VV      MR|degClo.m^3/s    |Meridional Diffusive Flux of yzc01
   436 |DFrITr17| 80 |       |WM      LR|degClo.m^3/s    |Vertical Diffusive Flux of yzc01 (Implicit part)
   437 |KPPgTr17| 80 |       |WM      LR|degClo.m^3/s    |KPP non-local Flux of yzc01
   438 |TRAC18  | 80 |       |SMR     MR|mmol C/         |c02 concentration
   439 |UTRAC18 | 80 |   440 |UUr     MR|mmolC/.m/s      |Zonal Mass-Weighted Transp of c02
   440 |VTRAC18 | 80 |   439 |VVr     MR|mmolC/.m/s      |Merid Mass-Weighted Transp of c02
   441 |WTRAC18 | 80 |       |WM      MR|mmolC/.m/s      |Vert  Mass-Weighted Transp of c02
   442 |ForcTr18| 80 |       |SMR     MR|mmolC//s        |c02 forcing tendency
   443 |AB_gTr18| 80 |       |SMR     MR|mmolC//s        |c02 tendency from Adams-Bashforth
   444 |Tp_gTr18| 80 |       |SMR     MR|mmolC//s        |c02 total transport tendency (before gchem_forcing_sep)
   445 |ADVrTr18| 80 |       |WM      LR|mmolC/.m^3/s    |Vertical   Advective Flux of c02
   446 |ADVxTr18| 80 |   447 |UU      MR|mmolC/.m^3/s    |Zonal      Advective Flux of c02
   447 |ADVyTr18| 80 |   446 |VV      MR|mmolC/.m^3/s    |Meridional Advective Flux of c02
   448 |DFrETr18| 80 |       |WM      LR|mmolC/.m^3/s    |Vertical Diffusive Flux of c02 (Explicit part)
   449 |DFxETr18| 80 |   450 |UU      MR|mmolC/.m^3/s    |Zonal      Diffusive Flux of c02
   450 |DFyETr18| 80 |   449 |VV      MR|mmolC/.m^3/s    |Meridional Diffusive Flux of c02
   451 |DFrITr18| 80 |       |WM      LR|mmolC/.m^3/s    |Vertical Diffusive Flux of c02 (Implicit part)
   452 |KPPgTr18| 80 |       |WM      LR|mmolC/.m^3/s    |KPP non-local Flux of c02
   453 |Add2EmP |  1 |       |SM      U1|kg/m^2/s        |additional EmP from salt relaxation
   454 |PP      | 80 |       |SMRP    MR|mmol C/m^3/s    |Primary Production
   455 |Nfix    | 80 |       |SMRP    MR|mmol N/m^3/s    |N fixation
   456 |Denit   | 80 |       |SMRP    MR|mmol N/m^3/s    |Denitrification
   457 |DenitN  | 80 |       |SMRP    MR|mmol N/m^3/s    |Nitrogen loss due to denitrification
   458 |atten   | 80 |       |SMRP    MR|1               |attenuation in layer
   459 |PARF    | 80 |       |SMRP    LR|uEin/m^2/s      |PAR at top of layer
   460 |PAR     | 80 |       |SMRP    MR|uEin/m^2/s      |total PAR at layer center
   461 |C_DIN   | 80 |       |SM P    MR|mmolN/m3/s      |consumption of DIN
   462 |C_PO4   | 80 |       |SM P    MR|mmolP/m3/s      |consumption of PO4
   463 |C_Si    | 80 |       |SM P    MR|mmolSi/m3/s     |consumption of Si
   464 |C_Fe    | 80 |       |SM P    MR|mmolFe/m3/s     |consumption of Fe
   465 |S_DIN   | 80 |       |SM      MR|mmolN/m3/s      |non-transport source of DIN
   466 |S_PO4   | 80 |       |SM      MR|mmolP/m3/s      |non-transport source of PO4
   467 |S_Si    | 80 |       |SM      MR|mmolSi/m3/s     |non-transport source of Si
   468 |S_Fe    | 80 |       |SM      MR|mmolFe/m3/s     |non-transport source of Fe
   469 |gDAR01  | 80 |       |SMR     MR|mmolN//s        |NO3 tendency from DARWIN
   470 |gDAR02  | 80 |       |SMR     MR|mmolN//s        |NO2 tendency from DARWIN
   471 |gDAR03  | 80 |       |SMR     MR|mmolN//s        |NH4 tendency from DARWIN
   472 |gDAR04  | 80 |       |SMR     MR|mmolP//s        |PO4 tendency from DARWIN
   473 |gDAR05  | 80 |       |SMR     MR|mmolFe/s        |FeT tendency from DARWIN
   474 |gDAR06  | 80 |       |SMR     MR|mmolC//s        |DOC tendency from DARWIN
   475 |gDAR07  | 80 |       |SMR     MR|mmolC//s        |POC tendency from DARWIN
   476 |gDAR08  | 80 |       |SMR     MR|mmolC//s        |c01 tendency from DARWIN
   477 |gDAR09  | 80 |       |SMR     MR|log(ESD/s       |xm01 tendency from DARWIN
   478 |gDAR10  | 80 |       |SMR     MR|degCmm/s        |ym01 tendency from DARWIN
   479 |gDAR11  | 80 |       |SMR     MR|log(PAR/s       |zm01 tendency from DARWIN
   480 |gDAR12  | 80 |       |SMR     MR|log(ESD/s       |xxv01 tendency from DARWIN
   481 |gDAR13  | 80 |       |SMR     MR|(degC)^/s       |yyv01 tendency from DARWIN
   482 |gDAR14  | 80 |       |SMR     MR|log(PAR/s       |zzv01 tendency from DARWIN
   483 |gDAR15  | 80 |       |SMR     MR|log(ESD/s       |xyc01 tendency from DARWIN
   484 |gDAR16  | 80 |       |SMR     MR|log(ESD/s       |xzc01 tendency from DARWIN
   485 |gDAR17  | 80 |       |SMR     MR|degClo/s        |yzc01 tendency from DARWIN
   486 |gDAR18  | 80 |       |SMR     MR|mmolC//s        |c02 tendency from DARWIN
   487 |PP0001  | 80 |       |SMRP    MR|mmol C/m^3/s    |Primary Production plankton    1
   488 |GR0001  | 80 |       |SMRP    MR|mmol C/m^3/s    |Grazing loss of plankton    1
   489 |GrGn0001| 80 |       |SMRP    MR|mmol C/m^3/s    |Grazing gain of plankton    1
   490 |PP0002  | 80 |       |SMRP    MR|mmol C/m^3/s    |Primary Production plankton    2
   491 |GR0002  | 80 |       |SMRP    MR|mmol C/m^3/s    |Grazing loss of plankton    2
   492 |GrGn0002| 80 |       |SMRP    MR|mmol C/m^3/s    |Grazing gain of plankton    2
   493 |Dmnt1_1 | 80 |       |SMRP    MR|tu/s            |Local time derivative of mean trait 1 of plankton    1
   494 |Dmnt2_1 | 80 |       |SMRP    MR|tu/s            |Local time derivative of mean trait 2 of plankton    1
   495 |Dmnt3_1 | 80 |       |SMRP    MR|tu/s            |Local time derivative of mean trait 3 of plankton    1
   496 |Dvrt1_1 | 80 |       |SMRP    MR|tu^2/s          |Local time derivative of trait variance 1 of plankton    1
   497 |Dvrt2_1 | 80 |       |SMRP    MR|tu^2/s          |Local time derivative of trait variance 2 of plankton    1
   498 |Dvrt3_1 | 80 |       |SMRP    MR|tu^2/s          |Local time derivative of trait variance 3 of plankton    1
   499 |Dvrs1_1 | 80 |       |SMRP    MR|tu^2/s          |Local source of trait variance 1 of plankton    1
------------------------------------------------------------------------------------
  Num  |<-Name->|Levs|  mate |<- code ->|<--  Units   -->|<- Tile (max=80c)         
------------------------------------------------------------------------------------
   500 |Dvrs2_1 | 80 |       |SMRP    MR|tu^2/s          |Local source of trait variance 2 of plankton    1
   501 |Dvrs3_1 | 80 |       |SMRP    MR|tu^2/s          |Local source of trait variance 3 of plankton    1
   502 |Dcvt12_1| 80 |       |SMRP    MR|tu*tu/s         |Local time derivative          of inter-trait covariance 12 of plankton    1
   503 |Dcvt13_1| 80 |       |SMRP    MR|tu*tu/s         |Local time derivative          of inter-trait covariance 13 of plankton    1
   504 |Dcvt23_1| 80 |       |SMRP    MR|tu*tu/s         |Local time derivative          of inter-trait covariance 23 of plankton    1
   505 |Dcvs12_1| 80 |       |SMRP    MR|tu*tu/s         |Local source                   of inter-trait covariance 12 of plankton    1
   506 |Dcvs13_1| 80 |       |SMRP    MR|tu*tu/s         |Local source                   of inter-trait covariance 13 of plankton    1
   507 |Dcvs23_1| 80 |       |SMRP    MR|tu*tu/s         |Local source                   of inter-trait covariance 23 of plankton    1
   508 |sfcSolFe|  1 |       |SM P    L1|mmol Fe/m2/s    |Soluble iron input at sea surface
   509 |surfPAR |  1 |       |SM P    L1|uEin/m^2/s      |PAR forcing at surface
   510 |surfiron|  1 |       |SM P    L1|mmol Fe/m^2/s   |iron forcing at surface
   511 |DARice  |  1 |       |SM P    L1|m^2/m^2         |ice area fraction
   512 |DARwind |  1 |       |SM P    L1|m/s             |wind speed used for carbon exchange
   513 |surfpCO2|  1 |       |SM P    L1|mol/mol         |surface pCO2
   514 |GC_Tr01 | 80 |       |SMR     MR|mmol N/         |NO3 concentration before GCHEM
   515 |GC_Tr02 | 80 |       |SMR     MR|mmol N/         |NO2 concentration before GCHEM
   516 |GC_Tr03 | 80 |       |SMR     MR|mmol N/         |NH4 concentration before GCHEM
   517 |GC_Tr04 | 80 |       |SMR     MR|mmol P/         |PO4 concentration before GCHEM
   518 |GC_Tr05 | 80 |       |SMR     MR|mmol Fe         |FeT concentration before GCHEM
   519 |GC_Tr06 | 80 |       |SMR     MR|mmol C/         |DOC concentration before GCHEM
   520 |GC_Tr07 | 80 |       |SMR     MR|mmol C/         |POC concentration before GCHEM
   521 |GC_Tr08 | 80 |       |SMR     MR|mmol C/         |c01 concentration before GCHEM
   522 |GC_Tr09 | 80 |       |SMR     MR|log(ESD         |xm01 concentration before GCHEM
   523 |GC_Tr10 | 80 |       |SMR     MR|degC mm         |ym01 concentration before GCHEM
   524 |GC_Tr11 | 80 |       |SMR     MR|log(PAR         |zm01 concentration before GCHEM
   525 |GC_Tr12 | 80 |       |SMR     MR|log(ESD         |xxv01 concentration before GCHEM
   526 |GC_Tr13 | 80 |       |SMR     MR|(degC)^         |yyv01 concentration before GCHEM
   527 |GC_Tr14 | 80 |       |SMR     MR|log(PAR         |zzv01 concentration before GCHEM
   528 |GC_Tr15 | 80 |       |SMR     MR|log(ESD         |xyc01 concentration before GCHEM
   529 |GC_Tr16 | 80 |       |SMR     MR|log(ESD         |xzc01 concentration before GCHEM
   530 |GC_Tr17 | 80 |       |SMR     MR|degC lo         |yzc01 concentration before GCHEM
   531 |GC_Tr18 | 80 |       |SMR     MR|mmol C/         |c02 concentration before GCHEM
------------------------------------------------------------------------------------
  Num  |<-Name->|Levs|  mate |<- code ->|<--  Units   -->|<- Tile (max=80c)         
------------------------------------------------------------------------------------
